<?xml version="1.0" encoding="UTF-8"?>
<!-- Generated by org.testng.reporters.JUnitReportReporter -->
<testsuite hostname="DESKTOP-7E8PKOH" failures="0" tests="1" name="selenium_casestudy1.task_Selenium" time="23.594" errors="0" timestamp="8 Nov 2022 04:15:34 GMT">
  <testcase classname="selenium_casestudy1.task_Selenium" name="TestCase2" time="23.594"/>
</testsuite> <!-- selenium_casestudy1.task_Selenium -->
